<?xml version="1.0" encoding="UTF-8"?>
<!-- Generated by org.testng.reporters.JUnitReportReporter -->
<testsuite skipped="0" hostname="MDTR08" name="com.mav.test.QmsTest" tests="1" failures="0" timestamp="12 Mar 2019 05:58:53 GMT" time="0.000" errors="0">
  <testcase name="qmsPageValidation" time="0.000" classname="com.mav.test.QmsTest"/>
</testsuite> <!-- com.mav.test.QmsTest -->
